<?xml version="1.0" encoding="UTF-8"?>
<!-- Generated by org.testng.reporters.JUnitXMLReporter -->
<testsuite ignored="0" hostname="DESKTOP-4V5MUAL" failures="0" tests="3" name="SeleniumTesting" time="0.271" errors="0" timestamp="2023-04-01T20:04:40 IST">
  <testcase classname="testSuites.TestCases" name="@BeforeTest invokeBrowser" time="0.116">
    <failure type="java.lang.IllegalStateException" message="The driver executable does not exist: C:\Users\Admin\Desktop\FindingHospitalwebdriver.chrome.driver&amp;quot;,&amp;quot;C:\Users\Admin\Downloads\chromedriver_win32\chromedriver.exe">
      <![CDATA[java.lang.IllegalStateException: The driver executable does not exist: C:\Users\Admin\Desktop\FindingHospitalwebdriver.chrome.driver","C:\Users\Admin\Downloads\chromedriver_win32\chromedriver.exe
at com.google.common.base.Preconditions.checkState(Preconditions.java:585)
at org.openqa.selenium.remote.service.DriverService.checkExecutable(DriverService.java:146)
at org.openqa.selenium.remote.service.DriverService.findExecutable(DriverService.java:141)
at org.openqa.selenium.chrome.ChromeDriverService.access$000(ChromeDriverService.java:35)
at org.openqa.selenium.chrome.ChromeDriverService$Builder.findDefaultExecutable(ChromeDriverService.java:159)
at org.openqa.selenium.remote.service.DriverService$Builder.build(DriverService.java:355)
at org.openqa.selenium.chrome.ChromeDriverService.createDefaultService(ChromeDriverService.java:94)
at org.openqa.selenium.chrome.ChromeDriver.<init>(ChromeDriver.java:123)
at base.Base.invokeBrowser(Base.java:48)
at testSuites.TestCases.invokeBrowser(TestCases.java:23)
... Removed 24 stack frames]]>
    </failure>
  </testcase> <!-- @BeforeTest invokeBrowser -->
  <testcase classname="testSuites.TestCases" name="@AfterTest closeBrowser" time="-1.680359680302E9">
    <skipped/>
  </testcase> <!-- @AfterTest closeBrowser -->
  <testcase classname="testSuites.TestCases" name="hospitalNames" time="0.0">
    <skipped/>
  </testcase> <!-- hospitalNames -->
  <testcase classname="testSuites.TestCases" name="TopCities" time="0.0">
    <skipped/>
  </testcase> <!-- TopCities -->
  <testcase classname="testSuites.TestCases" name="corporateWellness" time="0.0">
    <skipped/>
  </testcase> <!-- corporateWellness -->
</testsuite> <!-- SeleniumTesting -->
